This is pdfTeX, Version 3.14159265-2.6-1.40.16 (TeX Live 2015) (preloaded format=pdflatex 2016.3.11)  5 APR 2018 16:50
entering extended mode
 restricted \write18 enabled.
 %&-line parsing enabled.
**Dissertation.tex
(./Dissertation.tex
LaTeX2e <2015/01/01>
Babel <3.9l> and hyphenation patterns for 79 languages loaded.
(/usr/local/texlive/2015/texmf-dist/tex/latex/base/article.cls
Document Class: article 2014/09/29 v1.4h Standard LaTeX document class
(/usr/local/texlive/2015/texmf-dist/tex/latex/base/size12.clo
File: size12.clo 2014/09/29 v1.4h Standard LaTeX file (size option)
)
\c@part=\count79
\c@section=\count80
\c@subsection=\count81
\c@subsubsection=\count82
\c@paragraph=\count83
\c@subparagraph=\count84
\c@figure=\count85
\c@table=\count86
\abovecaptionskip=\skip41
\belowcaptionskip=\skip42
\bibindent=\dimen102
)
(/usr/local/texlive/2015/texmf-dist/tex/latex/titlesec/titlesec.sty
Package: titlesec 2011/12/15 v2.10.0 Sectioning titles
\ttl@box=\box26
\beforetitleunit=\skip43
\aftertitleunit=\skip44
\ttl@plus=\dimen103
\ttl@minus=\dimen104
\ttl@toksa=\toks14
\titlewidth=\dimen105
\titlewidthlast=\dimen106
\titlewidthfirst=\dimen107
)
(/usr/local/texlive/2015/texmf-dist/tex/latex/fancyhdr/fancyhdr.sty
\fancy@headwidth=\skip45
\f@ncyO@elh=\skip46
\f@ncyO@erh=\skip47
\f@ncyO@olh=\skip48
\f@ncyO@orh=\skip49
\f@ncyO@elf=\skip50
\f@ncyO@erf=\skip51
\f@ncyO@olf=\skip52
\f@ncyO@orf=\skip53
)
(/usr/local/texlive/2015/texmf-dist/tex/latex/base/inputenc.sty
Package: inputenc 2015/03/17 v1.2c Input encoding file
\inpenc@prehook=\toks15
\inpenc@posthook=\toks16

(/usr/local/texlive/2015/texmf-dist/tex/latex/base/utf8.def
File: utf8.def 2014/09/29 v1.1m UTF-8 support for inputenc
Now handling font encoding OML ...
... no UTF-8 mapping file for font encoding OML
Now handling font encoding T1 ...
... processing UTF-8 mapping file for font encoding T1

(/usr/local/texlive/2015/texmf-dist/tex/latex/base/t1enc.dfu
File: t1enc.dfu 2014/09/29 v1.1m UTF-8 support for inputenc
   defining Unicode char U+00A1 (decimal 161)
   defining Unicode char U+00A3 (decimal 163)
   defining Unicode char U+00AB (decimal 171)
   defining Unicode char U+00BB (decimal 187)
   defining Unicode char U+00BF (decimal 191)
   defining Unicode char U+00C0 (decimal 192)
   defining Unicode char U+00C1 (decimal 193)
   defining Unicode char U+00C2 (decimal 194)
   defining Unicode char U+00C3 (decimal 195)
   defining Unicode char U+00C4 (decimal 196)
   defining Unicode char U+00C5 (decimal 197)
   defining Unicode char U+00C6 (decimal 198)
   defining Unicode char U+00C7 (decimal 199)
   defining Unicode char U+00C8 (decimal 200)
   defining Unicode char U+00C9 (decimal 201)
   defining Unicode char U+00CA (decimal 202)
   defining Unicode char U+00CB (decimal 203)
   defining Unicode char U+00CC (decimal 204)
   defining Unicode char U+00CD (decimal 205)
   defining Unicode char U+00CE (decimal 206)
   defining Unicode char U+00CF (decimal 207)
   defining Unicode char U+00D0 (decimal 208)
   defining Unicode char U+00D1 (decimal 209)
   defining Unicode char U+00D2 (decimal 210)
   defining Unicode char U+00D3 (decimal 211)
   defining Unicode char U+00D4 (decimal 212)
   defining Unicode char U+00D5 (decimal 213)
   defining Unicode char U+00D6 (decimal 214)
   defining Unicode char U+00D8 (decimal 216)
   defining Unicode char U+00D9 (decimal 217)
   defining Unicode char U+00DA (decimal 218)
   defining Unicode char U+00DB (decimal 219)
   defining Unicode char U+00DC (decimal 220)
   defining Unicode char U+00DD (decimal 221)
   defining Unicode char U+00DE (decimal 222)
   defining Unicode char U+00DF (decimal 223)
   defining Unicode char U+00E0 (decimal 224)
   defining Unicode char U+00E1 (decimal 225)
   defining Unicode char U+00E2 (decimal 226)
   defining Unicode char U+00E3 (decimal 227)
   defining Unicode char U+00E4 (decimal 228)
   defining Unicode char U+00E5 (decimal 229)
   defining Unicode char U+00E6 (decimal 230)
   defining Unicode char U+00E7 (decimal 231)
   defining Unicode char U+00E8 (decimal 232)
   defining Unicode char U+00E9 (decimal 233)
   defining Unicode char U+00EA (decimal 234)
   defining Unicode char U+00EB (decimal 235)
   defining Unicode char U+00EC (decimal 236)
   defining Unicode char U+00ED (decimal 237)
   defining Unicode char U+00EE (decimal 238)
   defining Unicode char U+00EF (decimal 239)
   defining Unicode char U+00F0 (decimal 240)
   defining Unicode char U+00F1 (decimal 241)
   defining Unicode char U+00F2 (decimal 242)
   defining Unicode char U+00F3 (decimal 243)
   defining Unicode char U+00F4 (decimal 244)
   defining Unicode char U+00F5 (decimal 245)
   defining Unicode char U+00F6 (decimal 246)
   defining Unicode char U+00F8 (decimal 248)
   defining Unicode char U+00F9 (decimal 249)
   defining Unicode char U+00FA (decimal 250)
   defining Unicode char U+00FB (decimal 251)
   defining Unicode char U+00FC (decimal 252)
   defining Unicode char U+00FD (decimal 253)
   defining Unicode char U+00FE (decimal 254)
   defining Unicode char U+00FF (decimal 255)
   defining Unicode char U+0102 (decimal 258)
   defining Unicode char U+0103 (decimal 259)
   defining Unicode char U+0104 (decimal 260)
   defining Unicode char U+0105 (decimal 261)
   defining Unicode char U+0106 (decimal 262)
   defining Unicode char U+0107 (decimal 263)
   defining Unicode char U+010C (decimal 268)
   defining Unicode char U+010D (decimal 269)
   defining Unicode char U+010E (decimal 270)
   defining Unicode char U+010F (decimal 271)
   defining Unicode char U+0110 (decimal 272)
   defining Unicode char U+0111 (decimal 273)
   defining Unicode char U+0118 (decimal 280)
   defining Unicode char U+0119 (decimal 281)
   defining Unicode char U+011A (decimal 282)
   defining Unicode char U+011B (decimal 283)
   defining Unicode char U+011E (decimal 286)
   defining Unicode char U+011F (decimal 287)
   defining Unicode char U+0130 (decimal 304)
   defining Unicode char U+0131 (decimal 305)
   defining Unicode char U+0132 (decimal 306)
   defining Unicode char U+0133 (decimal 307)
   defining Unicode char U+0139 (decimal 313)
   defining Unicode char U+013A (decimal 314)
   defining Unicode char U+013D (decimal 317)
   defining Unicode char U+013E (decimal 318)
   defining Unicode char U+0141 (decimal 321)
   defining Unicode char U+0142 (decimal 322)
   defining Unicode char U+0143 (decimal 323)
   defining Unicode char U+0144 (decimal 324)
   defining Unicode char U+0147 (decimal 327)
   defining Unicode char U+0148 (decimal 328)
   defining Unicode char U+014A (decimal 330)
   defining Unicode char U+014B (decimal 331)
   defining Unicode char U+0150 (decimal 336)
   defining Unicode char U+0151 (decimal 337)
   defining Unicode char U+0152 (decimal 338)
   defining Unicode char U+0153 (decimal 339)
   defining Unicode char U+0154 (decimal 340)
   defining Unicode char U+0155 (decimal 341)
   defining Unicode char U+0158 (decimal 344)
   defining Unicode char U+0159 (decimal 345)
   defining Unicode char U+015A (decimal 346)
   defining Unicode char U+015B (decimal 347)
   defining Unicode char U+015E (decimal 350)
   defining Unicode char U+015F (decimal 351)
   defining Unicode char U+0160 (decimal 352)
   defining Unicode char U+0161 (decimal 353)
   defining Unicode char U+0162 (decimal 354)
   defining Unicode char U+0163 (decimal 355)
   defining Unicode char U+0164 (decimal 356)
   defining Unicode char U+0165 (decimal 357)
   defining Unicode char U+016E (decimal 366)
   defining Unicode char U+016F (decimal 367)
   defining Unicode char U+0170 (decimal 368)
   defining Unicode char U+0171 (decimal 369)
   defining Unicode char U+0178 (decimal 376)
   defining Unicode char U+0179 (decimal 377)
   defining Unicode char U+017A (decimal 378)
   defining Unicode char U+017B (decimal 379)
   defining Unicode char U+017C (decimal 380)
   defining Unicode char U+017D (decimal 381)
   defining Unicode char U+017E (decimal 382)
   defining Unicode char U+200C (decimal 8204)
   defining Unicode char U+2013 (decimal 8211)
   defining Unicode char U+2014 (decimal 8212)
   defining Unicode char U+2018 (decimal 8216)
   defining Unicode char U+2019 (decimal 8217)
   defining Unicode char U+201A (decimal 8218)
   defining Unicode char U+201C (decimal 8220)
   defining Unicode char U+201D (decimal 8221)
   defining Unicode char U+201E (decimal 8222)
   defining Unicode char U+2030 (decimal 8240)
   defining Unicode char U+2031 (decimal 8241)
   defining Unicode char U+2039 (decimal 8249)
   defining Unicode char U+203A (decimal 8250)
   defining Unicode char U+2423 (decimal 9251)
)
Now handling font encoding OT1 ...
... processing UTF-8 mapping file for font encoding OT1

(/usr/local/texlive/2015/texmf-dist/tex/latex/base/ot1enc.dfu
File: ot1enc.dfu 2014/09/29 v1.1m UTF-8 support for inputenc
   defining Unicode char U+00A1 (decimal 161)
   defining Unicode char U+00A3 (decimal 163)
   defining Unicode char U+00B8 (decimal 184)
   defining Unicode char U+00BF (decimal 191)
   defining Unicode char U+00C5 (decimal 197)
   defining Unicode char U+00C6 (decimal 198)
   defining Unicode char U+00D8 (decimal 216)
   defining Unicode char U+00DF (decimal 223)
   defining Unicode char U+00E6 (decimal 230)
   defining Unicode char U+00EC (decimal 236)
   defining Unicode char U+00ED (decimal 237)
   defining Unicode char U+00EE (decimal 238)
   defining Unicode char U+00EF (decimal 239)
   defining Unicode char U+00F8 (decimal 248)
   defining Unicode char U+0131 (decimal 305)
   defining Unicode char U+0141 (decimal 321)
   defining Unicode char U+0142 (decimal 322)
   defining Unicode char U+0152 (decimal 338)
   defining Unicode char U+0153 (decimal 339)
   defining Unicode char U+2013 (decimal 8211)
   defining Unicode char U+2014 (decimal 8212)
   defining Unicode char U+2018 (decimal 8216)
   defining Unicode char U+2019 (decimal 8217)
   defining Unicode char U+201C (decimal 8220)
   defining Unicode char U+201D (decimal 8221)
)
Now handling font encoding OMS ...
... processing UTF-8 mapping file for font encoding OMS

(/usr/local/texlive/2015/texmf-dist/tex/latex/base/omsenc.dfu
File: omsenc.dfu 2014/09/29 v1.1m UTF-8 support for inputenc
   defining Unicode char U+00A7 (decimal 167)
   defining Unicode char U+00B6 (decimal 182)
   defining Unicode char U+00B7 (decimal 183)
   defining Unicode char U+2020 (decimal 8224)
   defining Unicode char U+2021 (decimal 8225)
   defining Unicode char U+2022 (decimal 8226)
)
Now handling font encoding OMX ...
... no UTF-8 mapping file for font encoding OMX
Now handling font encoding U ...
... no UTF-8 mapping file for font encoding U
   defining Unicode char U+00A9 (decimal 169)
   defining Unicode char U+00AA (decimal 170)
   defining Unicode char U+00AE (decimal 174)
   defining Unicode char U+00BA (decimal 186)
   defining Unicode char U+02C6 (decimal 710)
   defining Unicode char U+02DC (decimal 732)
   defining Unicode char U+200C (decimal 8204)
   defining Unicode char U+2026 (decimal 8230)
   defining Unicode char U+2122 (decimal 8482)
   defining Unicode char U+2423 (decimal 9251)
))
(/usr/local/texlive/2015/texmf-dist/tex/latex/graphics/graphicx.sty
Package: graphicx 2014/10/28 v1.0g Enhanced LaTeX Graphics (DPC,SPQR)

(/usr/local/texlive/2015/texmf-dist/tex/latex/graphics/keyval.sty
Package: keyval 2014/10/28 v1.15 key=value parser (DPC)
\KV@toks@=\toks17
)
(/usr/local/texlive/2015/texmf-dist/tex/latex/graphics/graphics.sty
Package: graphics 2014/10/28 v1.0p Standard LaTeX Graphics (DPC,SPQR)

(/usr/local/texlive/2015/texmf-dist/tex/latex/graphics/trig.sty
Package: trig 1999/03/16 v1.09 sin cos tan (DPC)
)
(/usr/local/texlive/2015/texmf-dist/tex/latex/latexconfig/graphics.cfg
File: graphics.cfg 2010/04/23 v1.9 graphics configuration of TeX Live
)
Package graphics Info: Driver file: pdftex.def on input line 94.

(/usr/local/texlive/2015/texmf-dist/tex/latex/pdftex-def/pdftex.def
File: pdftex.def 2011/05/27 v0.06d Graphics/color for pdfTeX

(/usr/local/texlive/2015/texmf-dist/tex/generic/oberdiek/infwarerr.sty
Package: infwarerr 2010/04/08 v1.3 Providing info/warning/error messages (HO)
)
(/usr/local/texlive/2015/texmf-dist/tex/generic/oberdiek/ltxcmds.sty
Package: ltxcmds 2011/11/09 v1.22 LaTeX kernel commands for general use (HO)
)
\Gread@gobject=\count87
))
\Gin@req@height=\dimen108
\Gin@req@width=\dimen109
)
(/usr/local/texlive/2015/texmf-dist/tex/latex/booktabs/booktabs.sty
Package: booktabs 2005/04/14 v1.61803 publication quality tables
\heavyrulewidth=\dimen110
\lightrulewidth=\dimen111
\cmidrulewidth=\dimen112
\belowrulesep=\dimen113
\belowbottomsep=\dimen114
\aboverulesep=\dimen115
\abovetopsep=\dimen116
\cmidrulesep=\dimen117
\cmidrulekern=\dimen118
\defaultaddspace=\dimen119
\@cmidla=\count88
\@cmidlb=\count89
\@aboverulesep=\dimen120
\@belowrulesep=\dimen121
\@thisruleclass=\count90
\@lastruleclass=\count91
\@thisrulewidth=\dimen122
)
(/usr/local/texlive/2015/texmf-dist/tex/latex/tools/array.sty
Package: array 2014/10/28 v2.4c Tabular extension package (FMi)
\col@sep=\dimen123
\extrarowheight=\dimen124
\NC@list=\toks18
\extratabsurround=\skip54
\backup@length=\skip55
)
(/usr/local/texlive/2015/texmf-dist/tex/latex/paralist/paralist.sty
Package: paralist 2013/06/09 v2.4 Extended list environments
\pltopsep=\skip56
\plpartopsep=\skip57
\plitemsep=\skip58
\plparsep=\skip59
\pl@lab=\toks19
)
(/usr/local/texlive/2015/texmf-dist/tex/latex/tools/verbatim.sty
Package: verbatim 2014/10/28 v1.5q LaTeX2e package for verbatim enhancements
\every@verbatim=\toks20
\verbatim@line=\toks21
\verbatim@in@stream=\read1
)
(/usr/local/texlive/2015/texmf-dist/tex/latex/subfig/subfig.sty
Package: subfig 2005/06/28 ver: 1.3 subfig package

(/usr/local/texlive/2015/texmf-dist/tex/latex/caption/caption.sty
Package: caption 2013/05/02 v3.3-89 Customizing captions (AR)

(/usr/local/texlive/2015/texmf-dist/tex/latex/caption/caption3.sty
Package: caption3 2013/05/02 v1.6-88 caption3 kernel (AR)
Package caption3 Info: TeX engine: e-TeX on input line 57.
\captionmargin=\dimen125
\captionmargin@=\dimen126
\captionwidth=\dimen127
\caption@tempdima=\dimen128
\caption@indent=\dimen129
\caption@parindent=\dimen130
\caption@hangindent=\dimen131
)
\c@ContinuedFloat=\count92
)
\c@KVtest=\count93
\sf@farskip=\skip60
\sf@captopadj=\dimen132
\sf@capskip=\skip61
\sf@nearskip=\skip62
\c@subfigure=\count94
\c@subfigure@save=\count95
\c@lofdepth=\count96
\c@subtable=\count97
\c@subtable@save=\count98
\c@lotdepth=\count99
\sf@top=\skip63
\sf@bottom=\skip64
)
(/usr/local/texlive/2015/texmf-dist/tex/latex/appendix/appendix.sty
Package: appendix 2009/09/02 v1.2b extra appendix facilities
\c@@pps=\count100
\c@@ppsavesec=\count101
\c@@ppsaveapp=\count102
)
(/usr/local/texlive/2015/texmf-dist/tex/latex/pdfpages/pdfpages.sty
Package: pdfpages 2015/05/11 v0.4x Insert pages of external PDF documents (AM)

(/usr/local/texlive/2015/texmf-dist/tex/latex/base/ifthen.sty
Package: ifthen 2014/09/29 v1.1c Standard LaTeX ifthen package (DPC)
)
(/usr/local/texlive/2015/texmf-dist/tex/latex/tools/calc.sty
Package: calc 2014/10/28 v4.3 Infix arithmetic (KKT,FJ)
\calc@Acount=\count103
\calc@Bcount=\count104
\calc@Adimen=\dimen133
\calc@Bdimen=\dimen134
\calc@Askip=\skip65
\calc@Bskip=\skip66
LaTeX Info: Redefining \setlength on input line 80.
LaTeX Info: Redefining \addtolength on input line 81.
\calc@Ccount=\count105
\calc@Cskip=\skip67
)
(/usr/local/texlive/2015/texmf-dist/tex/latex/eso-pic/eso-pic.sty
Package: eso-pic 2015/04/20 v2.0e eso-pic (RN)

(/usr/local/texlive/2015/texmf-dist/tex/generic/oberdiek/atbegshi.sty
Package: atbegshi 2011/10/05 v1.16 At begin shipout hook (HO)

(/usr/local/texlive/2015/texmf-dist/tex/generic/oberdiek/ifpdf.sty
Package: ifpdf 2011/01/30 v2.3 Provides the ifpdf switch (HO)
Package ifpdf Info: pdfTeX in PDF mode is detected.
))
(/usr/local/texlive/2015/texmf-dist/tex/latex/xcolor/xcolor.sty
Package: xcolor 2007/01/21 v2.11 LaTeX color extensions (UK)

(/usr/local/texlive/2015/texmf-dist/tex/latex/latexconfig/color.cfg
File: color.cfg 2007/01/18 v1.5 color configuration of teTeX/TeXLive
)
Package xcolor Info: Driver file: pdftex.def on input line 225.
Package xcolor Info: Model `cmy' substituted by `cmy0' on input line 1337.
Package xcolor Info: Model `hsb' substituted by `rgb' on input line 1341.
Package xcolor Info: Model `RGB' extended on input line 1353.
Package xcolor Info: Model `HTML' substituted by `rgb' on input line 1355.
Package xcolor Info: Model `Hsb' substituted by `hsb' on input line 1356.
Package xcolor Info: Model `tHsb' substituted by `hsb' on input line 1357.
Package xcolor Info: Model `HSB' substituted by `hsb' on input line 1358.
Package xcolor Info: Model `Gray' substituted by `gray' on input line 1359.
Package xcolor Info: Model `wave' substituted by `hsb' on input line 1360.
))
\AM@pagewidth=\dimen135
\AM@pageheight=\dimen136

(/usr/local/texlive/2015/texmf-dist/tex/latex/pdfpages/pppdftex.def
File: pppdftex.def 2015/05/11 v0.4x Pdfpages driver for pdfTeX (AM)
)
\AM@pagebox=\box27
\AM@toc@title=\toks22
\c@AM@survey=\count106
\AM@templatesizebox=\box28
)
(/usr/local/texlive/2015/texmf-dist/tex/latex/csquotes/csquotes.sty
Package: csquotes 2015/04/15 v5.1e context-sensitive quotations (JAW)

(/usr/local/texlive/2015/texmf-dist/tex/latex/etoolbox/etoolbox.sty
Package: etoolbox 2015/05/04 v2.2 e-TeX tools for LaTeX (JAW)
\etb@tempcnta=\count107
)
\csq@reset=\count108
\csq@gtype=\count109
\csq@glevel=\count110
\csq@qlevel=\count111
\csq@maxlvl=\count112
\csq@tshold=\count113
\csq@ltx@everypar=\toks23

(/usr/local/texlive/2015/texmf-dist/tex/latex/csquotes/csquotes.def
File: csquotes.def 2015/04/15 v5.1e csquotes generic definitions (JAW)
)
Package csquotes Info: Trying to load configuration file 'csquotes.cfg'...
Package csquotes Info: ... configuration file loaded successfully.

(/usr/local/texlive/2015/texmf-dist/tex/latex/csquotes/csquotes.cfg
File: csquotes.cfg 
))
(/usr/local/texlive/2015/texmf-dist/tex/latex/hyperref/hyperref.sty
Package: hyperref 2012/11/06 v6.83m Hypertext links for LaTeX

(/usr/local/texlive/2015/texmf-dist/tex/generic/oberdiek/hobsub-hyperref.sty
Package: hobsub-hyperref 2012/05/28 v1.13 Bundle oberdiek, subset hyperref (HO)


(/usr/local/texlive/2015/texmf-dist/tex/generic/oberdiek/hobsub-generic.sty
Package: hobsub-generic 2012/05/28 v1.13 Bundle oberdiek, subset generic (HO)
Package: hobsub 2012/05/28 v1.13 Construct package bundles (HO)
Package hobsub Info: Skipping package `infwarerr' (already loaded).
Package hobsub Info: Skipping package `ltxcmds' (already loaded).
Package: ifluatex 2010/03/01 v1.3 Provides the ifluatex switch (HO)
Package ifluatex Info: LuaTeX not detected.
Package: ifvtex 2010/03/01 v1.5 Detect VTeX and its facilities (HO)
Package ifvtex Info: VTeX not detected.
Package: intcalc 2007/09/27 v1.1 Expandable calculations with integers (HO)
Package hobsub Info: Skipping package `ifpdf' (already loaded).
Package: etexcmds 2011/02/16 v1.5 Avoid name clashes with e-TeX commands (HO)
Package etexcmds Info: Could not find \expanded.
(etexcmds)             That can mean that you are not using pdfTeX 1.50 or
(etexcmds)             that some package has redefined \expanded.
(etexcmds)             In the latter case, load this package earlier.
Package: kvsetkeys 2012/04/25 v1.16 Key value parser (HO)
Package: kvdefinekeys 2011/04/07 v1.3 Define keys (HO)
Package: pdftexcmds 2011/11/29 v0.20 Utility functions of pdfTeX for LuaTeX (HO
)
Package pdftexcmds Info: LuaTeX not detected.
Package pdftexcmds Info: \pdf@primitive is available.
Package pdftexcmds Info: \pdf@ifprimitive is available.
Package pdftexcmds Info: \pdfdraftmode found.
Package: pdfescape 2011/11/25 v1.13 Implements pdfTeX's escape features (HO)
Package: bigintcalc 2012/04/08 v1.3 Expandable calculations on big integers (HO
)
Package: bitset 2011/01/30 v1.1 Handle bit-vector datatype (HO)
Package: uniquecounter 2011/01/30 v1.2 Provide unlimited unique counter (HO)
)
Package hobsub Info: Skipping package `hobsub' (already loaded).
Package: letltxmacro 2010/09/02 v1.4 Let assignment for LaTeX macros (HO)
Package: hopatch 2012/05/28 v1.2 Wrapper for package hooks (HO)
Package: xcolor-patch 2011/01/30 xcolor patch
Package: atveryend 2011/06/30 v1.8 Hooks at the very end of document (HO)
Package hobsub Info: Skipping package `atbegshi' (already loaded).
Package: refcount 2011/10/16 v3.4 Data extraction from label references (HO)
Package: hycolor 2011/01/30 v1.7 Color options for hyperref/bookmark (HO)
)
(/usr/local/texlive/2015/texmf-dist/tex/generic/ifxetex/ifxetex.sty
Package: ifxetex 2010/09/12 v0.6 Provides ifxetex conditional
)
(/usr/local/texlive/2015/texmf-dist/tex/latex/oberdiek/auxhook.sty
Package: auxhook 2011/03/04 v1.3 Hooks for auxiliary files (HO)
)
(/usr/local/texlive/2015/texmf-dist/tex/latex/oberdiek/kvoptions.sty
Package: kvoptions 2011/06/30 v3.11 Key value format for package options (HO)
)
\@linkdim=\dimen137
\Hy@linkcounter=\count114
\Hy@pagecounter=\count115

(/usr/local/texlive/2015/texmf-dist/tex/latex/hyperref/pd1enc.def
File: pd1enc.def 2012/11/06 v6.83m Hyperref: PDFDocEncoding definition (HO)
Now handling font encoding PD1 ...
... no UTF-8 mapping file for font encoding PD1
)
\Hy@SavedSpaceFactor=\count116

(/usr/local/texlive/2015/texmf-dist/tex/latex/latexconfig/hyperref.cfg
File: hyperref.cfg 2002/06/06 v1.2 hyperref configuration of TeXLive
)
Package hyperref Info: Option `breaklinks' set `true' on input line 4319.
Package hyperref Info: Hyper figures OFF on input line 4443.
Package hyperref Info: Link nesting OFF on input line 4448.
Package hyperref Info: Hyper index ON on input line 4451.
Package hyperref Info: Plain pages OFF on input line 4458.
Package hyperref Info: Backreferencing OFF on input line 4463.
Package hyperref Info: Implicit mode ON; LaTeX internals redefined.
Package hyperref Info: Bookmarks ON on input line 4688.
\c@Hy@tempcnt=\count117

(/usr/local/texlive/2015/texmf-dist/tex/latex/url/url.sty
\Urlmuskip=\muskip10
Package: url 2013/09/16  ver 3.4  Verb mode for urls, etc.
)
LaTeX Info: Redefining \url on input line 5041.
\XeTeXLinkMargin=\dimen138
\Fld@menulength=\count118
\Field@Width=\dimen139
\Fld@charsize=\dimen140
Package hyperref Info: Hyper figures OFF on input line 6295.
Package hyperref Info: Link nesting OFF on input line 6300.
Package hyperref Info: Hyper index ON on input line 6303.
Package hyperref Info: backreferencing OFF on input line 6310.
Package hyperref Info: Link coloring OFF on input line 6315.
Package hyperref Info: Link coloring with OCG OFF on input line 6320.
Package hyperref Info: PDF/A mode OFF on input line 6325.
LaTeX Info: Redefining \ref on input line 6365.
LaTeX Info: Redefining \pageref on input line 6369.
\Hy@abspage=\count119
\c@Item=\count120
\c@Hfootnote=\count121
)

Package hyperref Message: Driver (autodetected): hpdftex.

(/usr/local/texlive/2015/texmf-dist/tex/latex/hyperref/hpdftex.def
File: hpdftex.def 2012/11/06 v6.83m Hyperref driver for pdfTeX
\Fld@listcount=\count122
\c@bookmark@seq@number=\count123

(/usr/local/texlive/2015/texmf-dist/tex/latex/oberdiek/rerunfilecheck.sty
Package: rerunfilecheck 2011/04/15 v1.7 Rerun checks for auxiliary files (HO)
Package uniquecounter Info: New unique counter `rerunfilecheck' on input line 2
82.
)
\Hy@SectionHShift=\skip68
)
Package hyperref Info: Option `colorlinks' set `false' on input line 37.

(/usr/local/texlive/2015/texmf-dist/tex/latex/breakurl/breakurl.sty
Package: breakurl 2013/04/10 v1.40 Breakable hyperref URLs

(/usr/local/texlive/2015/texmf-dist/tex/latex/xkeyval/xkeyval.sty
Package: xkeyval 2014/12/03 v2.7a package option processing (HA)

(/usr/local/texlive/2015/texmf-dist/tex/generic/xkeyval/xkeyval.tex
(/usr/local/texlive/2015/texmf-dist/tex/generic/xkeyval/xkvutils.tex
\XKV@toks=\toks24
\XKV@tempa@toks=\toks25
)
\XKV@depth=\count124
File: xkeyval.tex 2014/12/03 v2.7a key=value parser (HA)
))

Package breakurl Warning: You are using breakurl while processing via pdflatex.

(breakurl)                \burl will be just a synonym of \url.
(breakurl)                 on input line 48.

) (/usr/local/texlive/2015/texmf-dist/tex/latex/was/gensymb.sty
Package: gensymb 2003/07/02 v1.0 (WaS)
)
(/usr/local/texlive/2015/texmf-dist/tex/latex/natbib/natbib.sty
Package: natbib 2010/09/13 8.31b (PWD, AO)
\bibhang=\skip69
\bibsep=\skip70
LaTeX Info: Redefining \cite on input line 694.
\c@NAT@ctr=\count125
)
(/usr/local/texlive/2015/texmf-dist/tex/latex/tabu/tabu.sty
Package: tabu 2011/02/26 v2.8 - flexible LaTeX tabulars (FC)

(/usr/local/texlive/2015/texmf-dist/tex/latex/varwidth/varwidth.sty
Package: varwidth 2009/03/30 ver 0.92;  Variable-width minipages
\@vwid@box=\box29
\sift@deathcycles=\count126
\@vwid@loff=\dimen141
\@vwid@roff=\dimen142
)
\c@taburow=\count127
\tabu@nbcols=\count128
\tabu@cnt=\count129
\tabu@Xcol=\count130
\tabu@alloc=\count131
\tabu@nested=\count132
\tabu@target=\dimen143
\tabu@spreadtarget=\dimen144
\tabu@naturalX=\dimen145
\tabucolX=\dimen146
\tabu@Xsum=\dimen147
\extrarowdepth=\dimen148
\abovetabulinesep=\dimen149
\belowtabulinesep=\dimen150
\tabustrutrule=\dimen151
\tabu@thebody=\toks26
\tabu@footnotes=\toks27
\tabu@box=\box30
\tabu@arstrutbox=\box31
\tabu@hleads=\box32
\tabu@vleads=\box33
\tabu@cellskip=\skip71
)
Package csquotes Info: Checking for multilingual support...
Package csquotes Info: ... none found.

(./Dissertation.aux)
\openout1 = `Dissertation.aux'.

LaTeX Font Info:    Checking defaults for OML/cmm/m/it on input line 72.
LaTeX Font Info:    ... okay on input line 72.
LaTeX Font Info:    Checking defaults for T1/cmr/m/n on input line 72.
LaTeX Font Info:    ... okay on input line 72.
LaTeX Font Info:    Checking defaults for OT1/cmr/m/n on input line 72.
LaTeX Font Info:    ... okay on input line 72.
LaTeX Font Info:    Checking defaults for OMS/cmsy/m/n on input line 72.
LaTeX Font Info:    ... okay on input line 72.
LaTeX Font Info:    Checking defaults for OMX/cmex/m/n on input line 72.
LaTeX Font Info:    ... okay on input line 72.
LaTeX Font Info:    Checking defaults for U/cmr/m/n on input line 72.
LaTeX Font Info:    ... okay on input line 72.
LaTeX Font Info:    Checking defaults for PD1/pdf/m/n on input line 72.
LaTeX Font Info:    ... okay on input line 72.

(/usr/local/texlive/2015/texmf-dist/tex/context/base/supp-pdf.mkii
[Loading MPS to PDF converter (version 2006.09.02).]
\scratchcounter=\count133
\scratchdimen=\dimen152
\scratchbox=\box34
\nofMPsegments=\count134
\nofMParguments=\count135
\everyMPshowfont=\toks28
\MPscratchCnt=\count136
\MPscratchDim=\dimen153
\MPnumerator=\count137
\makeMPintoPDFobject=\count138
\everyMPtoPDFconversion=\toks29
) (/usr/local/texlive/2015/texmf-dist/tex/latex/oberdiek/epstopdf-base.sty
Package: epstopdf-base 2010/02/09 v2.5 Base part for package epstopdf

(/usr/local/texlive/2015/texmf-dist/tex/latex/oberdiek/grfext.sty
Package: grfext 2010/08/19 v1.1 Manage graphics extensions (HO)
)
Package grfext Info: Graphics extension search list:
(grfext)             [.png,.pdf,.jpg,.mps,.jpeg,.jbig2,.jb2,.PNG,.PDF,.JPG,.JPE
G,.JBIG2,.JB2,.eps]
(grfext)             \AppendGraphicsExtensions on input line 452.

(/usr/local/texlive/2015/texmf-dist/tex/latex/latexconfig/epstopdf-sys.cfg
File: epstopdf-sys.cfg 2010/07/13 v1.3 Configuration of (r)epstopdf for TeX Liv
e
))
Package caption Info: Begin \AtBeginDocument code.
Package caption Info: subfig package v1.3 is loaded.
Package caption Info: hyperref package is loaded.
Package caption Info: End \AtBeginDocument code.
\AtBeginShipoutBox=\box35
Package hyperref Info: Link coloring OFF on input line 72.

(/usr/local/texlive/2015/texmf-dist/tex/latex/hyperref/nameref.sty
Package: nameref 2012/10/27 v2.43 Cross-referencing by name of section

(/usr/local/texlive/2015/texmf-dist/tex/generic/oberdiek/gettitlestring.sty
Package: gettitlestring 2010/12/03 v1.4 Cleanup title references (HO)
)
\c@section@level=\count139
)
LaTeX Info: Redefining \ref on input line 72.
LaTeX Info: Redefining \pageref on input line 72.
LaTeX Info: Redefining \nameref on input line 72.

(./Dissertation.out) (./Dissertation.out)
\@outlinefile=\write3
\openout3 = `Dissertation.out'.

LaTeX Info: Redefining \celsius on input line 72.
Package gensymb Info: Faking symbols for \degree and \celsius on input line 72.



Package gensymb Warning: Not defining \perthousand.

LaTeX Info: Redefining \ohm on input line 72.
Package gensymb Info: Using \Omega for \ohm on input line 72.

Package gensymb Warning: Not defining \micro.

(./Dissertation-Title.tex
LaTeX Font Info:    External font `cmex10' loaded for size
(Font)              <12> on input line 19.
LaTeX Font Info:    External font `cmex10' loaded for size
(Font)              <8> on input line 19.
LaTeX Font Info:    External font `cmex10' loaded for size
(Font)              <6> on input line 19.
 [1

{/usr/local/texlive/2015/texmf-var/fonts/map/pdftex/updmap/pdftex.map}]) (./Dis
sertation-Dec.tex)pdfTeX warning (ext4): destination with the same identifier (
name{page.1}) has been already used, duplicate ignored
<to be read again> 
                   \relax 
l.80 \clearpage
               \input{./Dissertation-DP.tex} [1

] (./Dissertation-DP.tex)
[2

]
LaTeX Font Info:    External font `cmex10' loaded for size
(Font)              <10.95> on input line 91.

Underfull \hbox (badness 10000) in paragraph at lines 93--95

 []


Underfull \hbox (badness 10000) in paragraph at lines 93--95

 []


Overfull \hbox (23.43861pt too wide) in paragraph at lines 99--101
[]\OT1/cmr/m/n/10.95 Actually it's in the down-load here, as a .ps http://nn.cs
.utexas.edu/soft-
 []

[1] (./Dissertation.toc [2

])
\tf@toc=\write4
\openout4 = `Dissertation.toc'.

 [3] (./Dissertation.lot)
\tf@lot=\write5
\openout5 = `Dissertation.lot'.

 [4

] (./Dissertation.lof)
\tf@lof=\write6
\openout6 = `Dissertation.lof'.


[5] [6]
Underfull \hbox (badness 10000) in paragraph at lines 152--157

 []


Underfull \hbox (badness 10000) in paragraph at lines 152--157

 []


Underfull \hbox (badness 10000) in paragraph at lines 174--178

 []


Underfull \hbox (badness 10000) in paragraph at lines 174--178

 []


Underfull \hbox (badness 10000) in paragraph at lines 179--180

 []


Underfull \hbox (badness 10000) in paragraph at lines 181--182

 []


Underfull \hbox (badness 10000) in paragraph at lines 183--184

 []


Underfull \hbox (badness 10000) in paragraph at lines 186--190

 []


Underfull \hbox (badness 10000) in paragraph at lines 192--193

 []


Underfull \hbox (badness 10000) in paragraph at lines 192--193

 []


Underfull \hbox (badness 10000) in paragraph at lines 194--195

 []

pdfTeX warning (ext4): destination with the same identifier (name{page.1}) has 
been already used, duplicate ignored
<to be read again> 
                   \relax 
l.195 
       [1]
Underfull \hbox (badness 10000) in paragraph at lines 205--206

 []

pdfTeX warning (ext4): destination with the same identifier (name{page.2}) has 
been already used, duplicate ignored
<to be read again> 
                   \relax 
l.218 
       [2] [3]
Underfull \hbox (badness 10000) in paragraph at lines 234--235

 []


Underfull \hbox (badness 10000) in paragraph at lines 247--248

 []

[4] <images/Perceptron.png, id=516, 281.05pt x 138.5175pt>
File: images/Perceptron.png Graphic file (type png)

<use images/Perceptron.png>
Package pdftex.def Info: images/Perceptron.png used on input line 261.
(pdftex.def)             Requested size: 281.0493pt x 138.51715pt.
 [5 <./images/Perceptron.png>]
<images/SigmoidFunction.png, id=530, 781.92125pt x 488.82625pt>
File: images/SigmoidFunction.png Graphic file (type png)

<use images/SigmoidFunction.png>
Package pdftex.def Info: images/SigmoidFunction.png used on input line 277.
(pdftex.def)             Requested size: 390.00517pt x 142.26318pt.
 [6 <./images/SigmoidFunction.png>]
Underfull \hbox (badness 10000) in paragraph at lines 310--311

 []

LaTeX Font Info:    Try loading font information for OMS+cmr on input line 323.

(/usr/local/texlive/2015/texmf-dist/tex/latex/base/omscmr.fd
File: omscmr.fd 2014/09/29 v2.5h Standard LaTeX font definitions
)
LaTeX Font Info:    Font shape `OMS/cmr/m/n' in size <12> not available
(Font)              Font shape `OMS/cmsy/m/n' tried instead on input line 323.
 [7]
<images/GenoToPheno.png, id=564, 1473.505pt x 232.87pt>
File: images/GenoToPheno.png Graphic file (type png)

<use images/GenoToPheno.png>
Package pdftex.def Info: images/GenoToPheno.png used on input line 335.
(pdftex.def)             Requested size: 390.0pt x 61.63208pt.
 [8 <./images/GenoToPheno.png>]
<images/OnePointCrossover.png, id=577, 1761.58125pt x 475.7775pt>
File: images/OnePointCrossover.png Graphic file (type png)

<use images/OnePointCrossover.png>
Package pdftex.def Info: images/OnePointCrossover.png used on input line 358.
(pdftex.def)             Requested size: 390.0pt x 105.332pt.

<images/NPointCrossover.png, id=578, 1723.43875pt x 504.88625pt>
File: images/NPointCrossover.png Graphic file (type png)

<use images/NPointCrossover.png>
Package pdftex.def Info: images/NPointCrossover.png used on input line 366.
(pdftex.def)             Requested size: 390.0pt x 114.24933pt.

<images/UniformCrossover.png, id=579, 1767.60374pt x 335.2525pt>
File: images/UniformCrossover.png Graphic file (type png)

<use images/UniformCrossover.png>
Package pdftex.def Info: images/UniformCrossover.png used on input line 374.
(pdftex.def)             Requested size: 390.0pt x 73.96552pt.
 [9 <./images/OnePointCrossover.png> <./images/NPointCrossover.png>]
<images/ArithmeticCrossover.png, id=586, 1047.915pt x 583.17876pt>
File: images/ArithmeticCrossover.png Graphic file (type png)

<use images/ArithmeticCrossover.png>
Package pdftex.def Info: images/ArithmeticCrossover.png used on input line 383.

(pdftex.def)             Requested size: 390.0pt x 217.03636pt.

Overfull \hbox (17.29022pt too wide) in paragraph at lines 390--391
\OT1/cmr/m/n/12 When ap-plied to a geno-type, mu-ta-tion re-turns a slightly mu
-tated off-spring([]Eiben
 []

[10 <./images/UniformCrossover.png> <./images/ArithmeticCrossover.png>]
<images/BinaryMutation.png, id=597, 1756.5625pt x 231.86626pt>
File: images/BinaryMutation.png Graphic file (type png)

<use images/BinaryMutation.png>
Package pdftex.def Info: images/BinaryMutation.png used on input line 398.
(pdftex.def)             Requested size: 390.0pt x 51.47774pt.

Underfull \hbox (badness 10000) in paragraph at lines 402--403

 []

<images/IntegerMutation.png, id=598, 1627.07875pt x 145.54375pt>
File: images/IntegerMutation.png Graphic file (type png)

<use images/IntegerMutation.png>
Package pdftex.def Info: images/IntegerMutation.png used on input line 407.
(pdftex.def)             Requested size: 390.0pt x 34.88457pt.

Underfull \hbox (badness 10000) in paragraph at lines 414--415

 []

[11 <./images/BinaryMutation.png> <./images/IntegerMutation.png>] [12]
Underfull \hbox (badness 10000) in paragraph at lines 443--444

 []


Underfull \hbox (badness 10000) in paragraph at lines 461--462

 []


Underfull \hbox (badness 10000) in paragraph at lines 463--464

 []

<images/MarIO.png, id=617, 1649.16125pt x 1368.11125pt>
File: images/MarIO.png Graphic file (type png)
 <use images/MarIO.png>
Package pdftex.def Info: images/MarIO.png used on input line 467.
(pdftex.def)             Requested size: 390.0pt x 323.53113pt.


LaTeX Warning: `h' float specifier changed to `ht'.


Underfull \hbox (badness 10000) in paragraph at lines 474--475

 []


Underfull \hbox (badness 10000) in paragraph at lines 476--477

 []

[13]
Underfull \hbox (badness 10000) in paragraph at lines 478--479

 []


Underfull \hbox (badness 10000) in paragraph at lines 480--481

 []

[14 <./images/MarIO.png>] [15]
Underfull \hbox (badness 10000) in paragraph at lines 498--499

 []


Underfull \hbox (badness 10000) in paragraph at lines 506--507

 []

[16]
Underfull \hbox (badness 10000) in paragraph at lines 514--515

 []


Overfull \hbox (0.38345pt too wide) in paragraph at lines 522--523
[]\OT1/cmr/m/n/12 Other com-pa-nies which ben-e-fit from the use of Ten-sor-Flo
w in-clude Nvidia,
 []


Underfull \hbox (badness 10000) in paragraph at lines 522--523

 []


Underfull \hbox (badness 10000) in paragraph at lines 529--530

 []


Underfull \hbox (badness 10000) in paragraph at lines 531--532

 []

[17]
Underfull \hbox (badness 10000) in paragraph at lines 533--534

 []


Underfull \hbox (badness 10000) in paragraph at lines 540--541

 []

[18] [19]
Underfull \hbox (badness 10000) in paragraph at lines 564--565

 []


Underfull \hbox (badness 10000) in paragraph at lines 567--568

 []

<images/SFML.png, id=714, 605.26125pt x 477.28313pt>
File: images/SFML.png Graphic file (type png)
 <use images/SFML.png>
Package pdftex.def Info: images/SFML.png used on input line 574.
(pdftex.def)             Requested size: 390.0pt x 307.53574pt.

<images/ClassDiagram.jpg, id=715, 1054.94125pt x 939.51pt>
File: images/ClassDiagram.jpg Graphic file (type jpg)

<use images/ClassDiagram.jpg>
Package pdftex.def Info: images/ClassDiagram.jpg used on input line 584.
(pdftex.def)             Requested size: 390.0pt x 347.32654pt.
 [20 <./images/SFML.png>]
Underfull \hbox (badness 10000) in paragraph at lines 592--593

 []


Underfull \hbox (badness 10000) in paragraph at lines 594--595

 []

[21 <./images/ClassDiagram.jpg>]
Underfull \hbox (badness 10000) in paragraph at lines 602--603

 []


Underfull \hbox (badness 10000) in paragraph at lines 604--605

 []


Underfull \hbox (badness 10000) in paragraph at lines 614--615

 []


Underfull \hbox (badness 10000) in paragraph at lines 617--618

 []

[22] [23]
Underfull \hbox (badness 10000) in paragraph at lines 638--639

 []


Underfull \hbox (badness 10000) in paragraph at lines 640--641

 []


Underfull \hbox (badness 10000) in paragraph at lines 642--643

 []

[24]
Underfull \hbox (badness 10000) in paragraph at lines 682--683

 []


Underfull \hbox (badness 10000) in paragraph at lines 698--699

 []


Underfull \hbox (badness 10000) in paragraph at lines 709--710

 []


Underfull \hbox (badness 10000) in paragraph at lines 709--710

 []

[25] [26] [27] [28] [29] [30]
<images/Gantt1.png, id=763, 552.6246pt x 256.7994pt>
File: images/Gantt1.png Graphic file (type png)
 <use images/Gantt1.png>
Package pdftex.def Info: images/Gantt1.png used on input line 976.
(pdftex.def)             Requested size: 390.0pt x 181.2356pt.

<images/Gantt2.png, id=764, 552.6246pt x 256.7994pt>
File: images/Gantt2.png Graphic file (type png)
 <use images/Gantt2.png>
Package pdftex.def Info: images/Gantt2.png used on input line 982.
(pdftex.def)             Requested size: 390.0pt x 181.2356pt.

[31 <./images/Gantt1.png> <./images/Gantt2.png>]
<images/Gantt3.png, id=771, 552.6246pt x 256.7994pt>
File: images/Gantt3.png Graphic file (type png)
 <use images/Gantt3.png>
Package pdftex.def Info: images/Gantt3.png used on input line 990.
(pdftex.def)             Requested size: 390.0pt x 181.2356pt.

<images/Gantt4.png, id=772, 552.6246pt x 257.763pt>
File: images/Gantt4.png Graphic file (type png)
 <use images/Gantt4.png>
Package pdftex.def Info: images/Gantt4.png used on input line 998.
(pdftex.def)             Requested size: 390.0pt x 181.91566pt.

Underfull \hbox (badness 10000) in paragraph at lines 1003--1004

 []

[32 <./images/Gantt3.png> <./images/Gantt4.png>] [33] [34] (./Dissertation.bbl
Underfull \hbox (badness 6510) in paragraph at lines 49--53
[]\OT1/cmr/m/n/12 David Fuh-ri-man.  How Many Pos-si-ble Move Com-bi-na-tions a
re
 []


Underfull \hbox (badness 10000) in paragraph at lines 49--53
\OT1/cmr/m/n/12 there in Chess.  URL []$\OT1/cmtt/m/n/12 http : / / www . bernm
edical . com / blog /
 []

[35]
Underfull \hbox (badness 10000) in paragraph at lines 128--133
[]\OT1/cmr/m/n/12 Darren Orf.  This Robot That Runs En-tirely off a Neu-ral
 []


Underfull \hbox (badness 10000) in paragraph at lines 128--133
\OT1/cmr/m/n/12 Net-work is Creepy as Hell.  URL []$\OT1/cmtt/m/n/12 https : / 
/ gizmodo . com /
 []


Overfull \hbox (38.06393pt too wide) in paragraph at lines 128--133
\OT1/cmtt/m/n/12 this-[]robot-[]that-[]runs-[]entirely-[]off-[]a-[]neural-[]net
work-[]is-[]c-[]1784649778$[]\OT1/cmr/m/n/12 . 
 []


Underfull \hbox (badness 10000) in paragraph at lines 140--144
[]\OT1/cmr/m/n/12 RoboCup.  Robocup Overview, 2017.  URL []$\OT1/cmtt/m/n/12 ht
tps :
 []


Underfull \hbox (badness 10000) in paragraph at lines 140--144
\OT1/cmtt/m/n/12 / / www . youtube . com / watch ? v = Cnh43cCsDKU{&}list =
 []


Underfull \hbox (badness 10000) in paragraph at lines 146--151
\OT1/cmtt/m/n/12 youtube . com / playlist ? list = PLQVvvaa0QuDeETZEOy4VdocT7TO
jfSA8a$[]\OT1/cmr/m/n/12 .
 []


Underfull \hbox (badness 10000) in paragraph at lines 159--163
[]\OT1/cmr/m/n/12 Mat Smith.  Japan's Lat-est Hu-manoid Robot Makes its
 []


Underfull \hbox (badness 10000) in paragraph at lines 159--163
\OT1/cmr/m/n/12 Own Moves.  URL []$\OT1/cmtt/m/n/12 https : / / www . engadget 
. com / 2016 / 07 / 30 /
 []

[36]) [37]
Underfull \hbox (badness 10000) in paragraph at lines 1027--1028

 []


Underfull \hbox (badness 10000) in paragraph at lines 1029--1030

 []


Underfull \hbox (badness 10000) in paragraph at lines 1033--1034

 []


Underfull \hbox (badness 10000) in paragraph at lines 1046--1047

 []

[38]
LaTeX Font Info:    Font shape `OMS/cmr/m/n' in size <14.4> not available
(Font)              Font shape `OMS/cmsy/m/n' tried instead on input line 1051.


Underfull \hbox (badness 10000) in paragraph at lines 1058--1059

 []

pdfTeX warning (ext4): destination with the same identifier (name{page.}) has b
een already used, duplicate ignored
<to be read again> 
                   \relax 
l.1061 \large
             {\textbf{The Work to be Undertaken:}} [39]
Overfull \hbox (1.1135pt too wide) in paragraph at lines 1067--1068
\OT1/cmr/m/n/14.4 they per-form in terms of im-prov-ing or de-creas-ing the age
nt's
 []


Underfull \hbox (badness 10000) in paragraph at lines 1072--1073

 []


Overfull \hbox (6.90292pt too wide) in paragraph at lines 1076--1077
[]\OT1/cmr/m/n/14.4 Lubberts, & Mi-ikku-lainen (2001). Co-Evolving a Go-Playing

 []


Underfull \hbox (badness 10000) in paragraph at lines 1083--1084

 []

pdfTeX warning (ext4): destination with the same identifier (name{page.}) has b
een already used, duplicate ignored
<to be read again> 
                   \relax 
l.1090 \newpage
                [40]
<images/Week9Report1.jpg, id=840, 2559.5625pt x 3520.15125pt>
File: images/Week9Report1.jpg Graphic file (type jpg)

<use images/Week9Report1.jpg>
Package pdftex.def Info: images/Week9Report1.jpg used on input line 1094.
(pdftex.def)             Requested size: 390.0pt x 536.32544pt.

Overfull \hbox (17.62482pt too wide) in paragraph at lines 1094--1095
[][] 
 []

pdfTeX warning (ext4): destination with the same identifier (name{page.}) has b
een already used, duplicate ignored
<to be read again> 
                   \relax 
l.1096 \newpage
                [41 <./images/Week9Report1.jpg>]
<images/Week9Report2.jpg, id=844, 2559.5625pt x 3520.15125pt>
File: images/Week9Report2.jpg Graphic file (type jpg)

<use images/Week9Report2.jpg>
Package pdftex.def Info: images/Week9Report2.jpg used on input line 1097.
(pdftex.def)             Requested size: 389.97145pt x 591.97223pt.

Overfull \hbox (17.59627pt too wide) in paragraph at lines 1097--1098
[][] 
 []

pdfTeX warning (ext4): destination with the same identifier (name{page.}) has b
een already used, duplicate ignored
<to be read again> 
                   \relax 
l.1099 \newpage
                [42 <./images/Week9Report2.jpg>]
<SupervisorMeetings/All.pdf, id=848, 597.51233pt x 845.0471pt>
File: SupervisorMeetings/All.pdf Graphic file (type pdf)

<use SupervisorMeetings/All.pdf>
Package pdftex.def Info: SupervisorMeetings/All.pdf used on input line 1105.
(pdftex.def)             Requested size: 597.51086pt x 845.04504pt.
File: SupervisorMeetings/All.pdf Graphic file (type pdf)
 <use SupervisorMeetings/All.pdf>
Package pdftex.def Info: SupervisorMeetings/All.pdf used on input line 1105.
(pdftex.def)             Requested size: 597.51086pt x 845.04504pt.

<SupervisorMeetings/All.pdf, id=851, page=1, 597.51233pt x 845.0471pt>
File: SupervisorMeetings/All.pdf Graphic file (type pdf)

<use SupervisorMeetings/All.pdf, page 1>
Package pdftex.def Info: SupervisorMeetings/All.pdf, page1 used on input line 1
105.
(pdftex.def)             Requested size: 390.0pt x 551.5693pt.
File: SupervisorMeetings/All.pdf Graphic file (type pdf)

<use SupervisorMeetings/All.pdf, page 1>
Package pdftex.def Info: SupervisorMeetings/All.pdf, page1 used on input line 1
105.
(pdftex.def)             Requested size: 915.42172pt x 1294.65862pt.
File: SupervisorMeetings/All.pdf Graphic file (type pdf)

<use SupervisorMeetings/All.pdf, page 1>
Package pdftex.def Info: SupervisorMeetings/All.pdf, page1 used on input line 1
105.
(pdftex.def)             Requested size: 915.42172pt x 1294.65862pt.
File: SupervisorMeetings/All.pdf Graphic file (type pdf)

<use SupervisorMeetings/All.pdf, page 1>
Package pdftex.def Info: SupervisorMeetings/All.pdf, page1 used on input line 1
105.
(pdftex.def)             Requested size: 915.42172pt x 1294.65862pt.
pdfTeX warning (ext4): destination with the same identifier (name{page.}) has b
een already used, duplicate ignored
<to be read again> 
                   \relax 
l.1105 ...=\textwidth]{SupervisorMeetings/All.pdf}
                                                   [43]
<SupervisorMeetings/All.pdf, id=855, page=2, 597.51233pt x 845.0471pt>
File: SupervisorMeetings/All.pdf Graphic file (type pdf)

<use SupervisorMeetings/All.pdf, page 2>
Package pdftex.def Info: SupervisorMeetings/All.pdf, page2 used on input line 1
105.
(pdftex.def)             Requested size: 915.42172pt x 1294.65862pt.
File: SupervisorMeetings/All.pdf Graphic file (type pdf)

<use SupervisorMeetings/All.pdf, page 2>
Package pdftex.def Info: SupervisorMeetings/All.pdf, page2 used on input line 1
105.
(pdftex.def)             Requested size: 915.42172pt x 1294.65862pt.
File: SupervisorMeetings/All.pdf Graphic file (type pdf)

<use SupervisorMeetings/All.pdf, page 1>
Package pdftex.def Info: SupervisorMeetings/All.pdf, page1 used on input line 1
105.
(pdftex.def)             Requested size: 915.42172pt x 1294.65862pt.
pdfTeX warning (ext4): destination with the same identifier (name{page.}) has b
een already used, duplicate ignored
<to be read again> 
                   \relax 
l.1105 ...=\textwidth]{SupervisorMeetings/All.pdf}
                                                   [44 <./SupervisorMeetings/Al
l.pdf>] <SupervisorMeetings/All.pdf, id=896, page=3, 597.51233pt x 845.0471pt>
File: SupervisorMeetings/All.pdf Graphic file (type pdf)

<use SupervisorMeetings/All.pdf, page 3>
Package pdftex.def Info: SupervisorMeetings/All.pdf, page3 used on input line 1
105.
(pdftex.def)             Requested size: 915.42172pt x 1294.65862pt.
File: SupervisorMeetings/All.pdf Graphic file (type pdf)

<use SupervisorMeetings/All.pdf, page 3>
Package pdftex.def Info: SupervisorMeetings/All.pdf, page3 used on input line 1
105.
(pdftex.def)             Requested size: 915.42172pt x 1294.65862pt.
File: SupervisorMeetings/All.pdf Graphic file (type pdf)

<use SupervisorMeetings/All.pdf, page 2>
Package pdftex.def Info: SupervisorMeetings/All.pdf, page2 used on input line 1
105.
(pdftex.def)             Requested size: 915.42172pt x 1294.65862pt.
pdfTeX warning (ext4): destination with the same identifier (name{page.}) has b
een already used, duplicate ignored
<to be read again> 
                   \relax 
l.1105 ...=\textwidth]{SupervisorMeetings/All.pdf}
                                                   [45 <./SupervisorMeetings/Al
l.pdf>] <SupervisorMeetings/All.pdf, id=900, page=4, 597.51233pt x 845.0471pt>
File: SupervisorMeetings/All.pdf Graphic file (type pdf)

<use SupervisorMeetings/All.pdf, page 4>
Package pdftex.def Info: SupervisorMeetings/All.pdf, page4 used on input line 1
105.
(pdftex.def)             Requested size: 915.42172pt x 1294.65862pt.
File: SupervisorMeetings/All.pdf Graphic file (type pdf)

<use SupervisorMeetings/All.pdf, page 4>
Package pdftex.def Info: SupervisorMeetings/All.pdf, page4 used on input line 1
105.
(pdftex.def)             Requested size: 915.42172pt x 1294.65862pt.
File: SupervisorMeetings/All.pdf Graphic file (type pdf)

<use SupervisorMeetings/All.pdf, page 3>
Package pdftex.def Info: SupervisorMeetings/All.pdf, page3 used on input line 1
105.
(pdftex.def)             Requested size: 915.42172pt x 1294.65862pt.
pdfTeX warning (ext4): destination with the same identifier (name{page.}) has b
een already used, duplicate ignored
<to be read again> 
                   \relax 
l.1105 ...=\textwidth]{SupervisorMeetings/All.pdf}
                                                   [46 <./SupervisorMeetings/Al
l.pdf>] <SupervisorMeetings/All.pdf, id=905, page=5, 597.51233pt x 845.0471pt>
File: SupervisorMeetings/All.pdf Graphic file (type pdf)

<use SupervisorMeetings/All.pdf, page 5>
Package pdftex.def Info: SupervisorMeetings/All.pdf, page5 used on input line 1
105.
(pdftex.def)             Requested size: 915.42172pt x 1294.65862pt.
File: SupervisorMeetings/All.pdf Graphic file (type pdf)

<use SupervisorMeetings/All.pdf, page 5>
Package pdftex.def Info: SupervisorMeetings/All.pdf, page5 used on input line 1
105.
(pdftex.def)             Requested size: 915.42172pt x 1294.65862pt.
File: SupervisorMeetings/All.pdf Graphic file (type pdf)

<use SupervisorMeetings/All.pdf, page 4>
Package pdftex.def Info: SupervisorMeetings/All.pdf, page4 used on input line 1
105.
(pdftex.def)             Requested size: 915.42172pt x 1294.65862pt.
pdfTeX warning (ext4): destination with the same identifier (name{page.}) has b
een already used, duplicate ignored
<to be read again> 
                   \relax 
l.1105 ...=\textwidth]{SupervisorMeetings/All.pdf}
                                                   [47 <./SupervisorMeetings/Al
l.pdf>] <SupervisorMeetings/All.pdf, id=913, page=6, 597.51233pt x 845.0471pt>
File: SupervisorMeetings/All.pdf Graphic file (type pdf)

<use SupervisorMeetings/All.pdf, page 6>
Package pdftex.def Info: SupervisorMeetings/All.pdf, page6 used on input line 1
105.
(pdftex.def)             Requested size: 915.42172pt x 1294.65862pt.
File: SupervisorMeetings/All.pdf Graphic file (type pdf)

<use SupervisorMeetings/All.pdf, page 6>
Package pdftex.def Info: SupervisorMeetings/All.pdf, page6 used on input line 1
105.
(pdftex.def)             Requested size: 915.42172pt x 1294.65862pt.
File: SupervisorMeetings/All.pdf Graphic file (type pdf)

<use SupervisorMeetings/All.pdf, page 5>
Package pdftex.def Info: SupervisorMeetings/All.pdf, page5 used on input line 1
105.
(pdftex.def)             Requested size: 915.42172pt x 1294.65862pt.
pdfTeX warning (ext4): destination with the same identifier (name{page.}) has b
een already used, duplicate ignored
<to be read again> 
                   \relax 
l.1105 ...=\textwidth]{SupervisorMeetings/All.pdf}
                                                   [48 <./SupervisorMeetings/Al
l.pdf>] <SupervisorMeetings/All.pdf, id=917, page=7, 597.51233pt x 845.0471pt>
File: SupervisorMeetings/All.pdf Graphic file (type pdf)

<use SupervisorMeetings/All.pdf, page 7>
Package pdftex.def Info: SupervisorMeetings/All.pdf, page7 used on input line 1
105.
(pdftex.def)             Requested size: 915.42172pt x 1294.65862pt.
File: SupervisorMeetings/All.pdf Graphic file (type pdf)

<use SupervisorMeetings/All.pdf, page 7>
Package pdftex.def Info: SupervisorMeetings/All.pdf, page7 used on input line 1
105.
(pdftex.def)             Requested size: 915.42172pt x 1294.65862pt.
File: SupervisorMeetings/All.pdf Graphic file (type pdf)

<use SupervisorMeetings/All.pdf, page 6>
Package pdftex.def Info: SupervisorMeetings/All.pdf, page6 used on input line 1
105.
(pdftex.def)             Requested size: 915.42172pt x 1294.65862pt.
pdfTeX warning (ext4): destination with the same identifier (name{page.}) has b
een already used, duplicate ignored
<to be read again> 
                   \relax 
l.1105 ...=\textwidth]{SupervisorMeetings/All.pdf}
                                                   [49 <./SupervisorMeetings/Al
l.pdf>] <SupervisorMeetings/All.pdf, id=921, page=8, 597.51233pt x 845.0471pt>
File: SupervisorMeetings/All.pdf Graphic file (type pdf)

<use SupervisorMeetings/All.pdf, page 8>
Package pdftex.def Info: SupervisorMeetings/All.pdf, page8 used on input line 1
105.
(pdftex.def)             Requested size: 915.42172pt x 1294.65862pt.
File: SupervisorMeetings/All.pdf Graphic file (type pdf)

<use SupervisorMeetings/All.pdf, page 8>
Package pdftex.def Info: SupervisorMeetings/All.pdf, page8 used on input line 1
105.
(pdftex.def)             Requested size: 915.42172pt x 1294.65862pt.
File: SupervisorMeetings/All.pdf Graphic file (type pdf)

<use SupervisorMeetings/All.pdf, page 7>
Package pdftex.def Info: SupervisorMeetings/All.pdf, page7 used on input line 1
105.
(pdftex.def)             Requested size: 915.42172pt x 1294.65862pt.
pdfTeX warning (ext4): destination with the same identifier (name{page.}) has b
een already used, duplicate ignored
<to be read again> 
                   \relax 
l.1105 ...=\textwidth]{SupervisorMeetings/All.pdf}
                                                   [50 <./SupervisorMeetings/Al
l.pdf>]
File: SupervisorMeetings/All.pdf Graphic file (type pdf)
 <use SupervisorMeetings/All.pdf, page 8>
Package pdftex.def Info: SupervisorMeetings/All.pdf, page8 used on input line 1
105.
(pdftex.def)             Requested size: 915.42172pt x 1294.65862pt.
pdfTeX warning (ext4): destination with the same identifier (name{page.}) has b
een already used, duplicate ignored
<to be read again> 
                   \relax 
l.1105 ...=\textwidth]{SupervisorMeetings/All.pdf}
                                                   [51 <./SupervisorMeetings/Al
l.pdf>]pdfTeX warning (ext4): destination with the same identifier (name{page.}
) has been already used, duplicate ignored
<to be read again> 
                   \relax 
l.1111 \newpage
                [52] <images/Website.jpg, id=933, 1927.2pt x 1043.9pt>
File: images/Website.jpg Graphic file (type jpg)

<use images/Website.jpg>
Package pdftex.def Info: images/Website.jpg used on input line 1114.
(pdftex.def)             Requested size: 390.0pt x 211.24522pt.

Overfull \hbox (17.62482pt too wide) in paragraph at lines 1114--1115
[][][][] 
 []

pdfTeX warning (ext4): destination with the same identifier (name{page.}) has b
een already used, duplicate ignored
<to be read again> 
                   \relax 
l.1121 \newpage
                [53 <./images/Website.jpg>]
<images/Kenney.jpg, id=939, 921.4425pt x 516.93124pt>
File: images/Kenney.jpg Graphic file (type jpg)
 <use images/Kenney.jpg>
Package pdftex.def Info: images/Kenney.jpg used on input line 1124.
(pdftex.def)             Requested size: 390.0pt x 218.78972pt.

Overfull \hbox (17.62482pt too wide) in paragraph at lines 1124--1125
[][][][] 
 []


Underfull \hbox (badness 10000) in paragraph at lines 1131--1132

 []

Package atveryend Info: Empty hook `BeforeClearDocument' on input line 1141.
pdfTeX warning (ext4): destination with the same identifier (name{page.}) has b
een already used, duplicate ignored
<to be read again> 
                   \relax 
l.1141 \end{document}
                      [54 <./images/Kenney.jpg>]
Package atveryend Info: Empty hook `AfterLastShipout' on input line 1141.
 (./Dissertation.aux)
Package atveryend Info: Executing hook `AtVeryEndDocument' on input line 1141.
Package atveryend Info: Executing hook `AtEndAfterFileList' on input line 1141.

Package rerunfilecheck Info: File `Dissertation.out' has not changed.
(rerunfilecheck)             Checksum: 3D5E6DEAFABDA61D4D2F6DBD06CC108D;4033.
 ) 
Here is how much of TeX's memory you used:
 10953 strings out of 493089
 163321 string characters out of 6134842
 286381 words of memory out of 5000000
 14084 multiletter control sequences out of 15000+600000
 11190 words of font info for 39 fonts, out of 8000000 for 9000
 1141 hyphenation exceptions out of 8191
 44i,18n,75p,932b,643s stack positions out of 5000i,500n,10000p,200000b,80000s
</usr/local/texlive/2015/texmf-dist/fonts/type1/public/amsfonts/cm/cmbx10.pfb
></usr/local/texlive/2015/texmf-dist/fonts/type1/public/amsfonts/cm/cmbx12.pfb>
</usr/local/texlive/2015/texmf-dist/fonts/type1/public/amsfonts/cm/cmex10.pfb><
/usr/local/texlive/2015/texmf-dist/fonts/type1/public/amsfonts/cm/cmmi12.pfb></
usr/local/texlive/2015/texmf-dist/fonts/type1/public/amsfonts/cm/cmmi8.pfb></us
r/local/texlive/2015/texmf-dist/fonts/type1/public/amsfonts/cm/cmr10.pfb></usr/
local/texlive/2015/texmf-dist/fonts/type1/public/amsfonts/cm/cmr12.pfb></usr/lo
cal/texlive/2015/texmf-dist/fonts/type1/public/amsfonts/cm/cmsy10.pfb></usr/loc
al/texlive/2015/texmf-dist/fonts/type1/public/amsfonts/cm/cmsy8.pfb></usr/local
/texlive/2015/texmf-dist/fonts/type1/public/amsfonts/cm/cmti10.pfb></usr/local/
texlive/2015/texmf-dist/fonts/type1/public/amsfonts/cm/cmti12.pfb></usr/local/t
exlive/2015/texmf-dist/fonts/type1/public/amsfonts/cm/cmtt12.pfb>
Output written on Dissertation.pdf (63 pages, 2929642 bytes).
PDF statistics:
 1022 PDF objects out of 1200 (max. 8388607)
 881 compressed objects within 9 object streams
 167 named destinations out of 1000 (max. 500000)
 628 words of extra memory for PDF output out of 10000 (max. 10000000)

