\BOOKMARK [1][-]{section.1}{Introduction}{}% 1
\BOOKMARK [2][-]{subsection.1.1}{1.2 - Aims and Objectives}{section.1}% 2
\BOOKMARK [2][-]{subsection.1.2}{1.3 - Scope}{section.1}% 3
\BOOKMARK [2][-]{subsection.1.3}{1.4 - Constraints}{section.1}% 4
\BOOKMARK [2][-]{subsection.1.4}{1.5 - Sources of Information \( /Similar Work\)}{section.1}% 5
\BOOKMARK [2][-]{subsection.1.5}{1.6 - Chapter Outlines / Structure of Dissertation}{section.1}% 6
\BOOKMARK [2][-]{subsection.1.6}{Project Aims and Structure}{section.1}% 7
\BOOKMARK [2][-]{subsection.1.7}{Overview Of Project Content and Milestones}{section.1}% 8
\BOOKMARK [3][-]{subsubsection.1.7.1}{Research}{subsection.1.7}% 9
\BOOKMARK [3][-]{subsubsection.1.7.2}{Game Foundation}{subsection.1.7}% 10
\BOOKMARK [3][-]{subsubsection.1.7.3}{Implementation of Artificial Intelligence}{subsection.1.7}% 11
\BOOKMARK [3][-]{subsubsection.1.7.4}{Experiments and Testing}{subsection.1.7}% 12
\BOOKMARK [3][-]{subsubsection.1.7.5}{Evalution and Conclusion}{subsection.1.7}% 13
\BOOKMARK [1][-]{section.2}{Background}{}% 14
\BOOKMARK [2][-]{subsection.2.1}{Introduction}{section.2}% 15
\BOOKMARK [2][-]{subsection.2.2}{History of AI in Games}{section.2}% 16
\BOOKMARK [2][-]{subsection.2.3}{What is a Neural Network?}{section.2}% 17
\BOOKMARK [3][-]{subsubsection.2.3.1}{Perceptrons}{subsection.2.3}% 18
\BOOKMARK [3][-]{subsubsection.2.3.2}{Sigmoid Neurons}{subsection.2.3}% 19
\BOOKMARK [2][-]{subsection.2.4}{Evolutionary Algorithms}{section.2}% 20
\BOOKMARK [3][-]{subsubsection.2.4.1}{Representation}{subsection.2.4}% 21
\BOOKMARK [3][-]{subsubsection.2.4.2}{Initialisation}{subsection.2.4}% 22
\BOOKMARK [3][-]{subsubsection.2.4.3}{Fitness}{subsection.2.4}% 23
\BOOKMARK [3][-]{subsubsection.2.4.4}{Selection}{subsection.2.4}% 24
\BOOKMARK [3][-]{subsubsection.2.4.5}{Crossover}{subsection.2.4}% 25
\BOOKMARK [3][-]{subsubsection.2.4.6}{Mutation}{subsection.2.4}% 26
\BOOKMARK [3][-]{subsubsection.2.4.7}{Replacement}{subsection.2.4}% 27
\BOOKMARK [2][-]{subsection.2.5}{NeuroEvolution for Augmenting Topologies \(NEAT\)}{section.2}% 28
\BOOKMARK [1][-]{section.3}{Literature Review}{}% 29
\BOOKMARK [2][-]{subsection.3.1}{AI for Playing Games}{section.3}% 30
\BOOKMARK [2][-]{subsection.3.2}{Why Neural Networks?}{section.3}% 31
\BOOKMARK [2][-]{subsection.3.3}{Why Evolve Neural Networks?}{section.3}% 32
\BOOKMARK [2][-]{subsection.3.4}{Why Co-Evolve Topologies and Weights?}{section.3}% 33
\BOOKMARK [2][-]{subsection.3.5}{Summary}{section.3}% 34
\BOOKMARK [1][-]{section.4}{Methodology}{}% 35
\BOOKMARK [2][-]{subsection.4.1}{Language and Libraries}{section.4}% 36
\BOOKMARK [2][-]{subsection.4.2}{Neural Network}{section.4}% 37
\BOOKMARK [2][-]{subsection.4.3}{Evolutionary Algorithm}{section.4}% 38
\BOOKMARK [2][-]{subsection.4.4}{Fitness Evaluation}{section.4}% 39
\BOOKMARK [1][-]{section.5}{Results}{}% 40
\BOOKMARK [2][-]{subsection.5.1}{Agent vs Hard-coded Strategy}{section.5}% 41
\BOOKMARK [2][-]{subsection.5.2}{Agent vs Human\(s\)}{section.5}% 42
\BOOKMARK [2][-]{subsection.5.3}{Agent vs Agent}{section.5}% 43
\BOOKMARK [1][-]{section.6}{Critical Evaluation}{}% 44
\BOOKMARK [1][-]{section.7}{Conclusion}{}% 45
\BOOKMARK [1][-]{section*.20}{Appendices}{}% 46
\BOOKMARK [1][-]{Appendix.a.A}{Project Overview}{}% 47
\BOOKMARK [1][-]{Appendix.a.B}{Second Formal Review Output}{}% 48
\BOOKMARK [1][-]{Appendix.a.C}{Diary Sheets}{}% 49
\BOOKMARK [1][-]{Appendix.a.D}{Appendix 4 and following}{}% 50
